[ 1342666ms] [ERROR] Failed to load resource: the server responded with a status of 404 (Not Found) @ http://localhost:6006/src/lib/components/LeftSidebar.svelte?t=1778665157558:0
[ 1342668ms] [ERROR] TypeError: Failed to fetch dynamically imported module: http://localhost:6006/src/lib/stories/MainLayout.stories.ts?t=1778665170866 @ http://localhost:6006/node_modules/.cache/storybook/10.3.6/834127885f0e57045aa132bf90b1d4a94a04f09c0260ee65f380652fcc9851c0/sb-vite/deps/storybook_internal_preview_runtime.js?v=4efbdb3f:11765
[ 1346644ms] [ERROR] Failed to load resource: the server responded with a status of 404 (Not Found) @ http://localhost:6006/src/lib/components/LeftSidebar.svelte?t=1778665157558:0
[ 1346644ms] [ERROR] TypeError: Failed to fetch dynamically imported module: http://localhost:6006/src/lib/stories/MainLayout.stories.ts?t=1778665170866 @ http://localhost:6006/node_modules/.cache/storybook/10.3.6/834127885f0e57045aa132bf90b1d4a94a04f09c0260ee65f380652fcc9851c0/sb-vite/deps/storybook_internal_preview_runtime.js?v=4efbdb3f:11765
[ 1348106ms] [ERROR] Failed to load resource: the server responded with a status of 404 (Not Found) @ http://localhost:6006/src/lib/components/LeftSidebar.svelte?t=1778665157558:0
[ 1348106ms] [ERROR] TypeError: Failed to fetch dynamically imported module: http://localhost:6006/src/lib/stories/MainLayout.stories.ts?t=1778665182154 @ http://localhost:6006/node_modules/.cache/storybook/10.3.6/834127885f0e57045aa132bf90b1d4a94a04f09c0260ee65f380652fcc9851c0/sb-vite/deps/storybook_internal_preview_runtime.js?v=4efbdb3f:11765
[ 1348147ms] [ERROR] Failed to load resource: the server responded with a status of 404 (Not Found) @ http://localhost:6006/src/lib/components/DiffView.svelte?t=1778665182154:0
[ 1351092ms] [ERROR] Failed to load resource: the server responded with a status of 404 (Not Found) @ http://localhost:6006/src/lib/components/LeftSidebar.svelte?t=1778665157558:0
[ 1351092ms] [ERROR] TypeError: Failed to fetch dynamically imported module: http://localhost:6006/src/lib/stories/MainLayout.stories.ts?t=1778665182154 @ http://localhost:6006/node_modules/.cache/storybook/10.3.6/834127885f0e57045aa132bf90b1d4a94a04f09c0260ee65f380652fcc9851c0/sb-vite/deps/storybook_internal_preview_runtime.js?v=4efbdb3f:11765
[ 1351176ms] [ERROR] Failed to load resource: the server responded with a status of 404 (Not Found) @ http://localhost:6006/src/lib/components/DiffView.svelte?t=1778665182154:0
[ 1352426ms] [ERROR] Failed to load resource: the server responded with a status of 404 (Not Found) @ http://localhost:6006/src/lib/components/LeftSidebar.svelte?t=1778665157558:0
[ 1352426ms] [ERROR] TypeError: Failed to fetch dynamically imported module: http://localhost:6006/src/lib/stories/MainLayout.stories.ts?t=1778665186251 @ http://localhost:6006/node_modules/.cache/storybook/10.3.6/834127885f0e57045aa132bf90b1d4a94a04f09c0260ee65f380652fcc9851c0/sb-vite/deps/storybook_internal_preview_runtime.js?v=4efbdb3f:11765
[ 1352460ms] [ERROR] Failed to load resource: the server responded with a status of 404 (Not Found) @ http://localhost:6006/src/lib/components/DiffView.svelte?t=1778665182154:0
[ 1352491ms] [ERROR] Failed to load resource: the server responded with a status of 404 (Not Found) @ http://localhost:6006/src/lib/components/CommentsCard.svelte?t=1778665186251:0
[ 1357524ms] [ERROR] Failed to load resource: the server responded with a status of 404 (Not Found) @ http://localhost:6006/src/lib/components/LeftSidebar.svelte?t=1778665157558:0
[ 1357524ms] [ERROR] Failed to load resource: the server responded with a status of 404 (Not Found) @ http://localhost:6006/src/lib/components/DiffView.svelte?t=1778665182154:0
[ 1357524ms] [ERROR] TypeError: Failed to fetch dynamically imported module: http://localhost:6006/src/lib/stories/MainLayout.stories.ts?t=1778665191373 @ http://localhost:6006/node_modules/.cache/storybook/10.3.6/834127885f0e57045aa132bf90b1d4a94a04f09c0260ee65f380652fcc9851c0/sb-vite/deps/storybook_internal_preview_runtime.js?v=4efbdb3f:11765
[ 1357551ms] [ERROR] Failed to load resource: the server responded with a status of 404 (Not Found) @ http://localhost:6006/src/lib/components/CommentsCard.svelte?t=1778665191373:0
[ 1361244ms] [ERROR] Failed to load resource: the server responded with a status of 404 (Not Found) @ http://localhost:6006/src/lib/components/LeftSidebar.svelte?t=1778665157558:0
[ 1361244ms] [ERROR] TypeError: Failed to fetch dynamically imported module: http://localhost:6006/src/lib/stories/MainLayout.stories.ts?t=1778665195023 @ http://localhost:6006/node_modules/.cache/storybook/10.3.6/834127885f0e57045aa132bf90b1d4a94a04f09c0260ee65f380652fcc9851c0/sb-vite/deps/storybook_internal_preview_runtime.js?v=4efbdb3f:11765
[ 1361296ms] [ERROR] Failed to load resource: the server responded with a status of 404 (Not Found) @ http://localhost:6006/src/lib/components/DiffView.svelte?t=1778665182154:0
[ 1361333ms] [ERROR] Failed to load resource: the server responded with a status of 404 (Not Found) @ http://localhost:6006/src/lib/components/CommentsCard.svelte?t=1778665195023:0
[ 1366671ms] [ERROR] Failed to load resource: the server responded with a status of 404 (Not Found) @ http://localhost:6006/src/lib/components/LeftSidebar.svelte?t=1778665157558:0
[ 1366671ms] [ERROR] TypeError: Failed to fetch dynamically imported module: http://localhost:6006/src/lib/stories/MainLayout.stories.ts?t=1778665200510 @ http://localhost:6006/node_modules/.cache/storybook/10.3.6/834127885f0e57045aa132bf90b1d4a94a04f09c0260ee65f380652fcc9851c0/sb-vite/deps/storybook_internal_preview_runtime.js?v=4efbdb3f:11765
[ 1366672ms] [ERROR] Failed to load resource: the server responded with a status of 404 (Not Found) @ http://localhost:6006/src/lib/components/DiffView.svelte?t=1778665182154:0
[ 1366748ms] [ERROR] Failed to load resource: the server responded with a status of 404 (Not Found) @ http://localhost:6006/src/lib/components/CommentsCard.svelte?t=1778665200510:0
[33999825ms] [LOG] [vite] server connection lost. Polling for restart... @ http://localhost:6006/@vite/client:559
